C51 COMPILER V9.59.0.0   MAIN                                                              03/24/2021 17:14:38 PAGE 1   


C51 COMPILER V9.59.0.0, COMPILATION OF MODULE MAIN
OBJECT MODULE PLACED IN .\Objects\main.obj
COMPILER INVOKED BY: C:\Keil_v5\C51\BIN\C51.EXE main.c OPTIMIZE(8,SPEED) BROWSE DEBUG OBJECTEXTEND PRINT(.\Listings\main
                    -.lst) TABS(2) OBJECT(.\Objects\main.obj)

line level    source

   1          #include<reg52.h>
   2          
   3          sbit motor_pin = P2^0;
   4          
   5          // add delay function
   6          
   7          void Delay(unsigned int t)
   8          {
   9   1        unsigned int i;
  10   1        while(t--)
  11   1        for(i=0;i<1257;i++);
  12   1        
  13   1      }
  14          
  15          
  16          void main()
  17          {
  18   1        motor_pin = 0;
  19   1      
  20   1        while(1)
  21   1        {
  22   2          //Turn to 0 degree
  23   2          motor_pin = 1;
  24   2          Delay(100);
  25   2          motor_pin = 0;
  26   2      
  27   2          Delay(100);
  28   2      
  29   2          
  30   2        }
  31   1      }


MODULE INFORMATION:   STATIC OVERLAYABLE
   CODE SIZE        =     52    ----
   CONSTANT SIZE    =   ----    ----
   XDATA SIZE       =   ----    ----
   PDATA SIZE       =   ----    ----
   DATA SIZE        =   ----    ----
   IDATA SIZE       =   ----    ----
   BIT SIZE         =   ----    ----
END OF MODULE INFORMATION.


C51 COMPILATION COMPLETE.  0 WARNING(S),  0 ERROR(S)
