C51 COMPILER V9.59.0.0   MAIN                                                              03/24/2021 14:32:45 PAGE 1   


C51 COMPILER V9.59.0.0, COMPILATION OF MODULE MAIN
OBJECT MODULE PLACED IN .\Objects\main.obj
COMPILER INVOKED BY: C:\Keil_v5\C51\BIN\C51.EXE main.c OPTIMIZE(8,SPEED) BROWSE DEBUG OBJECTEXTEND PRINT(.\Listings\main
                    -.lst) TABS(2) OBJECT(.\Objects\main.obj)

line level    source

   1          #include<AT89x51.H>
   2          
   3          sfr led = 0xA0;
   4          
   5          void delay(unsigned int t)
   6          {
   7   1        unsigned int i;
   8   1        while(t--)
   9   1          for(i=0;i<1257;i++);
  10   1      }
  11          
  12          main()
  13          {
  14   1        led = 0x00;
  15   1        while(1)
  16   1        {
  17   2          led = 0xff;
  18   2          delay(100);
  19   2          led= 0x00;
  20   2          delay(100);
  21   2        }
  22   1      }


MODULE INFORMATION:   STATIC OVERLAYABLE
   CODE SIZE        =     54    ----
   CONSTANT SIZE    =   ----    ----
   XDATA SIZE       =   ----    ----
   PDATA SIZE       =   ----    ----
   DATA SIZE        =   ----    ----
   IDATA SIZE       =   ----    ----
   BIT SIZE         =   ----    ----
END OF MODULE INFORMATION.


C51 COMPILATION COMPLETE.  0 WARNING(S),  0 ERROR(S)
