C51 COMPILER V9.54   MAIN                                                                  09/02/2015 00:35:33 PAGE 1   


C51 COMPILER V9.54, COMPILATION OF MODULE MAIN
OBJECT MODULE PLACED IN .\Objects\MAIN.obj
COMPILER INVOKED BY: C:\Keil_v5\C51\BIN\C51.EXE MAIN.C OPTIMIZE(8,SPEED) BROWSE DEBUG OBJECTEXTEND PRINT(.\Listings\MAIN
                    -.lst) TABS(16) OBJECT(.\Objects\MAIN.obj)

line level    source

   1          #include<reg51.h>
   2          
   3          void UART_Init()
   4          {
   5   1                      SCON=0X50;//8 bit 1 start
   6   1                      TMOD=0X20;//8 bit mode2
   7   1                      TH1=0Xfd;//baud rate 9600
   8   1                      TR1=1;//start timer
   9   1      }
  10          
  11          unsigned char recieve()
  12          {
  13   1      unsigned char ch;
  14   1      while(RI==0);//wait for receive
  15   1      ch=SBUF;//save ch
  16   1      RI=0;
  17   1      return(ch);
  18   1      }
  19          
  20          
  21          main()
  22          {
  23   1      P2=0X00;
  24   1      UART_Init();
  25   1      while(1)
  26   1      {
  27   2      P2=recieve();
  28   2      }
  29   1      }
  30                          
  31                          


MODULE INFORMATION:   STATIC OVERLAYABLE
   CODE SIZE        =     33    ----
   CONSTANT SIZE    =   ----    ----
   XDATA SIZE       =   ----    ----
   PDATA SIZE       =   ----    ----
   DATA SIZE        =   ----    ----
   IDATA SIZE       =   ----    ----
   BIT SIZE         =   ----    ----
END OF MODULE INFORMATION.


C51 COMPILATION COMPLETE.  0 WARNING(S),  0 ERROR(S)
