C51 COMPILER V9.59.0.0   MAIN                                                              03/24/2021 15:58:51 PAGE 1   


C51 COMPILER V9.59.0.0, COMPILATION OF MODULE MAIN
OBJECT MODULE PLACED IN .\Objects\main.obj
COMPILER INVOKED BY: C:\Keil_v5\C51\BIN\C51.EXE main.c OPTIMIZE(8,SPEED) BROWSE DEBUG OBJECTEXTEND PRINT(.\Listings\main
                    -.lst) TABS(2) OBJECT(.\Objects\main.obj)

line level    source

   1          #include<reg51.h>
   2          
   3          sbit motor_1 = P2^0;
   4          sbit motor_2 = P2^1;
   5          sbit motor_3 = P2^2;
   6          sbit motor_4 = P2^3;
   7          // add delay function
   8          
   9          void delay(unsigned int t)
  10          {
  11   1        unsigned int i;
  12   1        while(t--)
  13   1          for(i=0;i<1257;i++);
  14   1      }
  15          
  16          void main()
  17          {
  18   1        while(1)
  19   1        {
  20   2          motor_1 = 1;
  21   2          motor_2 = 0; //Rotates Motor  Clockwise
  22   2          motor_3 = 1;
  23   2          motor_4 = 0; //Rotates Motor  Clockwise
  24   2          delay(100);
  25   2          motor_1 = 1;
  26   2          motor_2 = 1; //Stops Motor
  27   2          motor_3 = 1;
  28   2          motor_4 = 1; //Stops Motor
  29   2          delay(100);
  30   2          motor_1 = 0;
  31   2          motor_2 = 1; //Rotates Motor anti Clockwise
  32   2          motor_3 = 0;
  33   2          motor_4 = 1; //Rotates Motor anti Clockwise
  34   2          delay(100);
  35   2          motor_1 = 0;
  36   2          motor_2 = 0; //Stops Motor
  37   2          motor_3 = 0;
  38   2          motor_4 = 0; //Stops Motor
  39   2          delay(10);
  40   2        }
  41   1      }


MODULE INFORMATION:   STATIC OVERLAYABLE
   CODE SIZE        =     82    ----
   CONSTANT SIZE    =   ----    ----
   XDATA SIZE       =   ----    ----
   PDATA SIZE       =   ----    ----
   DATA SIZE        =   ----    ----
   IDATA SIZE       =   ----    ----
   BIT SIZE         =   ----    ----
END OF MODULE INFORMATION.


C51 COMPILATION COMPLETE.  0 WARNING(S),  0 ERROR(S)
