C51 COMPILER V9.59.0.0   MAIN                                                              03/24/2021 14:44:36 PAGE 1   


C51 COMPILER V9.59.0.0, COMPILATION OF MODULE MAIN
OBJECT MODULE PLACED IN .\Objects\main.obj
COMPILER INVOKED BY: C:\Keil_v5\C51\BIN\C51.EXE main.c OPTIMIZE(8,SPEED) BROWSE DEBUG OBJECTEXTEND PRINT(.\Listings\main
                    -.lst) TABS(2) OBJECT(.\Objects\main.obj)

line level    source

   1          #include<AT89X51.H>
   2          
   3          sbit led = P2^7;
   4          sbit sw = P2^0;
   5          
   6          void delay(unsigned int t)
   7          {
   8   1        unsigned int i;
   9   1        while(t--)
  10   1          for(i=0;i<1257;i++);
  11   1      }
  12          
  13          main()
  14          {
  15   1        led = 0;
  16   1        sw = 1;
  17   1        while(1)
  18   1        {
  19   2          if(sw == 0)
  20   2          {
  21   3            delay(10);
  22   3            led = 1;
  23   3          }
  24   2          else
  25   2            led = 0;
  26   2        }
  27   1      }


MODULE INFORMATION:   STATIC OVERLAYABLE
   CODE SIZE        =     52    ----
   CONSTANT SIZE    =   ----    ----
   XDATA SIZE       =   ----    ----
   PDATA SIZE       =   ----    ----
   DATA SIZE        =   ----    ----
   IDATA SIZE       =   ----    ----
   BIT SIZE         =   ----    ----
END OF MODULE INFORMATION.


C51 COMPILATION COMPLETE.  0 WARNING(S),  0 ERROR(S)
