C51 COMPILER V9.59.0.0   MAIN                                                              03/24/2021 15:46:22 PAGE 1   


C51 COMPILER V9.59.0.0, COMPILATION OF MODULE MAIN
OBJECT MODULE PLACED IN .\Objects\main.obj
COMPILER INVOKED BY: C:\Keil_v5\C51\BIN\C51.EXE main.c OPTIMIZE(8,SPEED) BROWSE DEBUG OBJECTEXTEND PRINT(.\Listings\main
                    -.lst) TABS(2) OBJECT(.\Objects\main.obj)

line level    source

   1          #include<reg51.h>
   2          
   3          sfr SEG=0XA0;
   4          
   5          // add delay function
   6          
   7          
   8          void Delay(unsigned int t)
   9          {
  10   1      unsigned int i;
  11   1      while(t--)
  12   1      for(i=0;i<1257;i++);
  13   1      }
  14          
  15          main()
  16          {
  17   1      unsigned char Val[10]={0XC0,0XF9,0XA4,0XB0,0X99,0X92,0X82,0XF8,0X80,0X90};//common anode
  18   1      int i;
  19   1      SEG=0X00;
  20   1      while(1)
  21   1      {
  22   2        for(i=0;i<10;i++)
  23   2        {
  24   3          SEG=Val[i];
  25   3          Delay(200);
  26   3        }
  27   2      }
  28   1      }


MODULE INFORMATION:   STATIC OVERLAYABLE
   CODE SIZE        =     82    ----
   CONSTANT SIZE    =     10    ----
   XDATA SIZE       =   ----    ----
   PDATA SIZE       =   ----    ----
   DATA SIZE        =   ----      10
   IDATA SIZE       =   ----    ----
   BIT SIZE         =   ----    ----
END OF MODULE INFORMATION.


C51 COMPILATION COMPLETE.  0 WARNING(S),  0 ERROR(S)
